2025-07-31 11:00:47,661 - INFO - 
==== INICIANDO PROCESSAMENTO COMPLETO ====
2025-07-31 11:00:47,666 - INFO - Tentando abrir o arquivo PDF: \\192.168.3.68\Fluxos - automação\02 - DADOS DA PLANILHA DAS DUPLAS\4 - LISTA DE CONTAS.pdf
2025-07-31 11:00:47,678 - INFO - Arquivo PDF encontrado, abrindo...
2025-07-31 11:00:47,699 - INFO - PDF aberto com sucesso. Total de páginas: 5
2025-07-31 11:00:47,705 - INFO - Extraindo texto da página 1...
2025-07-31 11:00:47,716 - INFO - Extraindo texto da página 2...
2025-07-31 11:00:47,725 - INFO - Extraindo texto da página 3...
2025-07-31 11:00:47,734 - INFO - Extraindo texto da página 4...
2025-07-31 11:00:47,744 - INFO - Extraindo texto da página 5...
2025-07-31 11:00:47,748 - INFO - Iniciando extração de dados das contas do PDF...
2025-07-31 11:00:47,752 - INFO - Encontrada conta 1: 3791 | 10199 | FADEX LEISH IN BR 2016...
2025-07-31 11:00:47,758 - INFO - Encontrada conta 2: 3791 | 10423 | FADEX LEISH IN BR...
2025-07-31 11:00:47,761 - INFO - Encontrada conta 3: 3791 | 10518 | FADEX U C 062018 PARFOR...
2025-07-31 11:00:47,764 - INFO - Encontrada conta 4: 3791 | 10567 | FADEX OBS QUILOMBOS PI...
2025-07-31 11:00:47,766 - INFO - Encontrada conta 5: 3791 | 10634 | FADEX CONV REDE POTI...
2025-07-31 11:00:47,772 - INFO - Encontrada conta 50: 3791 | 11404 | FADEX DIAGN SSP PI...
2025-07-31 11:00:47,778 - INFO - Encontrada conta 100: 3791 | 11760 | FADEX IFMA 322023 RFEPCT...
2025-07-31 11:00:47,781 - INFO - Encontrada conta 150: 3791 | 11982 | FADEX SEFAZ 31.24 CONSULT...
2025-07-31 11:00:47,787 - INFO - Encontrada conta 200: 3791 | 12104 | FADEX UFPI 22.24 DINT TO...
2025-07-31 11:00:47,791 - INFO - Encontrada conta 250: 3791 | 12341 | FADEX IFMA 01.25 EQUATO...
2025-07-31 11:00:47,794 - INFO - Extração do PDF concluída. Encontradas 271 contas.
2025-07-31 11:00:47,797 - INFO - Extraindo categorias das pastas em: \\192.168.3.68\Contratos Digitalizados\1 - PROJETOS EM EXECUÇÃO
2025-07-31 11:00:47,857 - INFO - Extração de categorias concluída. Encontradas 318 categorias de contas.
2025-07-31 11:00:47,862 - INFO - Combinando dados de contas com categorias...
2025-07-31 11:01:30,041 - INFO - Salvando dados em Excel...
2025-07-31 11:01:30,070 - ERROR - ERRO não tratado: Cannot save file into a non-existent directory: '\\192.168.3.234\Documents\extrato-bb\extratos-bb-backend'
Traceback (most recent call last):
  File "\\192.168.3.68\Fluxos - automação\00 - Scripts\05 - contas.py", line 280, in processar_pdf_para_excel_categorizado
    df.to_excel(EXCEL_PATH, index=False)
    ~~~~~~~~~~~^^^^^^^^^^^^^^^^^^^^^^^^^
  File "C:\Users\edina\AppData\Local\Programs\Python\Python313\Lib\site-packages\pandas\util\_decorators.py", line 333, in wrapper
    return func(*args, **kwargs)
  File "C:\Users\edina\AppData\Local\Programs\Python\Python313\Lib\site-packages\pandas\core\generic.py", line 2417, in to_excel
    formatter.write(
    ~~~~~~~~~~~~~~~^
        excel_writer,
        ^^^^^^^^^^^^^
    ...<6 lines>...
        engine_kwargs=engine_kwargs,
        ^^^^^^^^^^^^^^^^^^^^^^^^^^^^
    )
    ^
  File "C:\Users\edina\AppData\Local\Programs\Python\Python313\Lib\site-packages\pandas\io\formats\excel.py", line 943, in write
    writer = ExcelWriter(
        writer,
    ...<2 lines>...
        engine_kwargs=engine_kwargs,
    )
  File "C:\Users\edina\AppData\Local\Programs\Python\Python313\Lib\site-packages\pandas\io\excel\_openpyxl.py", line 61, in __init__
    super().__init__(
    ~~~~~~~~~~~~~~~~^
        path,
        ^^^^^
    ...<3 lines>...
        engine_kwargs=engine_kwargs,
        ^^^^^^^^^^^^^^^^^^^^^^^^^^^^
    )
    ^
  File "C:\Users\edina\AppData\Local\Programs\Python\Python313\Lib\site-packages\pandas\io\excel\_base.py", line 1246, in __init__
    self._handles = get_handle(
                    ~~~~~~~~~~^
        path, mode, storage_options=storage_options, is_text=False
        ^^^^^^^^^^^^^^^^^^^^^^^^^^^^^^^^^^^^^^^^^^^^^^^^^^^^^^^^^^
    )
    ^
  File "C:\Users\edina\AppData\Local\Programs\Python\Python313\Lib\site-packages\pandas\io\common.py", line 749, in get_handle
    check_parent_directory(str(handle))
    ~~~~~~~~~~~~~~~~~~~~~~^^^^^^^^^^^^^
  File "C:\Users\edina\AppData\Local\Programs\Python\Python313\Lib\site-packages\pandas\io\common.py", line 616, in check_parent_directory
    raise OSError(rf"Cannot save file into a non-existent directory: '{parent}'")
OSError: Cannot save file into a non-existent directory: '\\192.168.3.234\Documents\extrato-bb\extratos-bb-backend'
